<?xml version="1.0" encoding="UTF-8"?>
<!-- Generated by org.testng.reporters.JUnitReportReporter -->
<testsuite hostname="DESKTOP-C10433C" failures="0" tests="2" name="com.crm.Organisation.Sample2Test" time="24.085" errors="0" timestamp="2024-07-24T14:12:33 CEST" skipped="0">
  <testcase classname="com.crm.Organisation.Sample2Test" name="Demo2Test" time="13.833"/>
  <testcase classname="com.crm.Organisation.Sample2Test" name="sample2Test" time="10.252"/>
</testsuite> <!-- com.crm.Organisation.Sample2Test -->
