<?xml version="1.0" encoding="UTF-8"?>
<!-- Generated by org.testng.reporters.JUnitReportReporter -->
<testsuite hostname="DESKTOP-C10433C" failures="0" tests="2" name="com.crm.contacts.Annotations" time="0.021" errors="0" timestamp="2024-07-17T17:38:45 CEST" skipped="0">
  <testcase classname="com.crm.contacts.Annotations" name="myTest1" time="0.008"/>
  <testcase classname="com.crm.contacts.Annotations" name="myTest" time="0.013"/>
</testsuite> <!-- com.crm.contacts.Annotations -->
