<?xml version="1.0" encoding="UTF-8"?>
<!-- Generated by org.testng.reporters.JUnitReportReporter -->
<testsuite hostname="DESKTOP-C10433C" failures="0" tests="1" name="com.crm.contacts.CreateContactWithOrganisationTest" time="73.885" errors="0" timestamp="2024-07-24T14:09:37 CEST" skipped="0">
  <testcase classname="com.crm.contacts.CreateContactWithOrganisationTest" name="createContactWithOrganisationTest" time="73.885"/>
</testsuite> <!-- com.crm.contacts.CreateContactWithOrganisationTest -->
