<?xml version="1.0" encoding="UTF-8"?>
<!-- Generated by org.testng.reporters.JUnitReportReporter -->
<testsuite hostname="DESKTOP-C10433C" failures="0" tests="2" name="com.crm.contacts.CreatContactTest" time="21.381" errors="0" timestamp="2024-07-30T15:20:33 CEST" skipped="0">
  <testcase classname="com.crm.contacts.CreatContactTest" name="creatContactTest" time="13.793"/>
  <testcase classname="com.crm.contacts.CreatContactTest" name="m2test" time="7.588"/>
</testsuite> <!-- com.crm.contacts.CreatContactTest -->
