<?xml version="1.0" encoding="UTF-8"?>
<!-- Generated by org.testng.reporters.JUnitReportReporter -->
<testsuite hostname="DESKTOP-C10433C" failures="0" tests="2" name="com.crm.Organisation.Sample1Test" time="20.838" errors="0" timestamp="2024-07-24T14:12:33 CEST" skipped="0">
  <testcase classname="com.crm.Organisation.Sample1Test" name="demo1Test" time="11.564"/>
  <testcase classname="com.crm.Organisation.Sample1Test" name="sample1Test" time="9.274"/>
</testsuite> <!-- com.crm.Organisation.Sample1Test -->
