<?xml version="1.0" encoding="UTF-8"?>
<!-- Generated by org.testng.reporters.JUnitReportReporter -->
<testsuite hostname="DESKTOP-C10433C" failures="0" tests="2" name="com.crm.contacts.CreatContactTest" time="17.769" errors="0" timestamp="2024-08-01T17:22:57 CEST" skipped="0">
  <testcase classname="com.crm.contacts.CreatContactTest" name="creatContactTest" time="11.961"/>
  <testcase classname="com.crm.contacts.CreatContactTest" name="m2test" time="5.808"/>
</testsuite> <!-- com.crm.contacts.CreatContactTest -->
